{"name": "test_right_way", "status": "broken", "statusDetails": {"message": "selenium.common.exceptions.ElementClickInterceptedException: Message: element click intercepted: Element is not clickable at point (1014, 583)\n  (Session info: chrome=123.0.6312.88)\nStacktrace:\n\tGetHandleVerifier [0x00007FF7B40370C2+63090]\n\t(No symbol) [0x00007FF7B3FA2D12]\n\t(No symbol) [0x00007FF7B3E3EC65]\n\t(No symbol) [0x00007FF7B3E8BB34]\n\t(No symbol) [0x00007FF7B3E89954]\n\t(No symbol) [0x00007FF7B3E87164]\n\t(No symbol) [0x00007FF7B3E85EF9]\n\t(No symbol) [0x00007FF7B3E7A708]\n\t(No symbol) [0x00007FF7B3EA6FDA]\n\t(No symbol) [0x00007FF7B3E7A00A]\n\t(No symbol) [0x00007FF7B3EA71F0]\n\t(No symbol) [0x00007FF7B3EC3412]\n\t(No symbol) [0x00007FF7B3EA6D83]\n\t(No symbol) [0x00007FF7B3E783A8]\n\t(No symbol) [0x00007FF7B3E79441]\n\tGetHandleVerifier [0x00007FF7B443262D+4238301]\n\tGetHandleVerifier [0x00007FF7B446F78D+4488509]\n\tGetHandleVerifier [0x00007FF7B4467A6F+4456479]\n\tGetHandleVerifier [0x00007FF7B4110606+953270]\n\t(No symbol) [0x00007FF7B3FAE5DF]\n\t(No symbol) [0x00007FF7B3FA92B4]\n\t(No symbol) [0x00007FF7B3FA93EB]\n\t(No symbol) [0x00007FF7B3F99C24]\n\tBaseThreadInitThunk [0x00007FFF8E467344+20]\n\tRtlUserThreadStart [0x00007FFF8FC826B1+33]", "trace": "tests\\test_shop.py:113: in test_right_way\n    browser.find_element(by=By.ID, value=\"place_order\").click()\n        browser    = <selenium.webdriver.chrome.webdriver.WebDriver (session=\"c283bdb6802a0a2b7342322f8b1e86f3\")>\n        cart_is_visible = 'block'\n        common_helper = CommonHelper()\n        payments_el = '//*[@id=\"payment\"] [contains(@style, \"position: static; zoom: 1;\")]'\n        product    = <selenium.webdriver.remote.webelement.WebElement (session=\"c283bdb6802a0a2b7342322f8b1e86f3\", element=\"f.69DD0CED2C72DAA090DF8DB82202BD34.d.D48D5E2650274BEE14E931BC89619591.e.182\")>\n..\\..\\AppData\\Local\\Programs\\Python\\Python312\\Lib\\site-packages\\selenium\\webdriver\\remote\\webelement.py:94: in click\n    self._execute(Command.CLICK_ELEMENT)\n        self       = <selenium.webdriver.remote.webelement.WebElement (session=\"c283bdb6802a0a2b7342322f8b1e86f3\", element=\"f.69DD0CED2C72DAA090DF8DB82202BD34.d.D05082D6C093F57605B7EEC5D0603598.e.250\")>\n..\\..\\AppData\\Local\\Programs\\Python\\Python312\\Lib\\site-packages\\selenium\\webdriver\\remote\\webelement.py:395: in _execute\n    return self._parent.execute(command, params)\n        command    = 'clickElement'\n        params     = {'id': 'f.69DD0CED2C72DAA090DF8DB82202BD34.d.D05082D6C093F57605B7EEC5D0603598.e.250'}\n        self       = <selenium.webdriver.remote.webelement.WebElement (session=\"c283bdb6802a0a2b7342322f8b1e86f3\", element=\"f.69DD0CED2C72DAA090DF8DB82202BD34.d.D05082D6C093F57605B7EEC5D0603598.e.250\")>\n..\\..\\AppData\\Local\\Programs\\Python\\Python312\\Lib\\site-packages\\selenium\\webdriver\\remote\\webdriver.py:347: in execute\n    self.error_handler.check_response(response)\n        driver_command = 'clickElement'\n        params     = {}\n        response   = {'status': 400, 'value': '{\"value\":{\"error\":\"element click intercepted\",\"message\":\"element click intercepted: Element ...07FF7B3F99C24]\\\\n\\\\tBaseThreadInitThunk [0x00007FFF8E467344+20]\\\\n\\\\tRtlUserThreadStart [0x00007FFF8FC826B1+33]\\\\n\"}}'}\n        self       = <selenium.webdriver.chrome.webdriver.WebDriver (session=\"c283bdb6802a0a2b7342322f8b1e86f3\")>\n..\\..\\AppData\\Local\\Programs\\Python\\Python312\\Lib\\site-packages\\selenium\\webdriver\\remote\\errorhandler.py:229: in check_response\n    raise exception_class(message, screen, stacktrace)\nE   selenium.common.exceptions.ElementClickInterceptedException: Message: element click intercepted: Element is not clickable at point (1014, 583)\nE     (Session info: chrome=123.0.6312.88)\nE   Stacktrace:\nE   \tGetHandleVerifier [0x00007FF7B40370C2+63090]\nE   \t(No symbol) [0x00007FF7B3FA2D12]\nE   \t(No symbol) [0x00007FF7B3E3EC65]\nE   \t(No symbol) [0x00007FF7B3E8BB34]\nE   \t(No symbol) [0x00007FF7B3E89954]\nE   \t(No symbol) [0x00007FF7B3E87164]\nE   \t(No symbol) [0x00007FF7B3E85EF9]\nE   \t(No symbol) [0x00007FF7B3E7A708]\nE   \t(No symbol) [0x00007FF7B3EA6FDA]\nE   \t(No symbol) [0x00007FF7B3E7A00A]\nE   \t(No symbol) [0x00007FF7B3EA71F0]\nE   \t(No symbol) [0x00007FF7B3EC3412]\nE   \t(No symbol) [0x00007FF7B3EA6D83]\nE   \t(No symbol) [0x00007FF7B3E783A8]\nE   \t(No symbol) [0x00007FF7B3E79441]\nE   \tGetHandleVerifier [0x00007FF7B443262D+4238301]\nE   \tGetHandleVerifier [0x00007FF7B446F78D+4488509]\nE   \tGetHandleVerifier [0x00007FF7B4467A6F+4456479]\nE   \tGetHandleVerifier [0x00007FF7B4110606+953270]\nE   \t(No symbol) [0x00007FF7B3FAE5DF]\nE   \t(No symbol) [0x00007FF7B3FA92B4]\nE   \t(No symbol) [0x00007FF7B3FA93EB]\nE   \t(No symbol) [0x00007FF7B3F99C24]\nE   \tBaseThreadInitThunk [0x00007FFF8E467344+20]\nE   \tRtlUserThreadStart [0x00007FFF8FC826B1+33]\n        e          = <selenium.webdriver.remote.errorhandler.ErrorCode object at 0x000001AADDF7AA50>\n        error_code = 'ELEMENT_CLICK_INTERCEPTED'\n        error_codes = ['ELEMENT_CLICK_INTERCEPTED', 'ELEMENT_IS_NOT_SELECTABLE', 'ELEMENT_NOT_INTERACTABLE', 'ELEMENT_NOT_VISIBLE', 'IME_ENGINE_ACTIVATION_FAILED', 'IME_NOT_AVAILABLE', ...]\n        error_info = [64, 'element click intercepted']\n        exception_class = <class 'selenium.common.exceptions.ElementClickInterceptedException'>\n        json       = <module 'json' from 'C:\\\\Users\\\\Ð¯\\\\AppData\\\\Local\\\\Programs\\\\Python\\\\Python312\\\\Lib\\\\json\\\\__init__.py'>\n        message    = 'element click intercepted: Element is not clickable at point (1014, 583)\\n  (Session info: chrome=123.0.6312.88)'\n        response   = {'status': 400, 'value': '{\"value\":{\"error\":\"element click intercepted\",\"message\":\"element click intercepted: Element ...07FF7B3F99C24]\\\\n\\\\tBaseThreadInitThunk [0x00007FFF8E467344+20]\\\\n\\\\tRtlUserThreadStart [0x00007FFF8FC826B1+33]\\\\n\"}}'}\n        screen     = None\n        self       = <selenium.webdriver.remote.errorhandler.ErrorHandler object at 0x000001AADD3EC560>\n        st_value   = '\\tGetHandleVerifier [0x00007FF7B40370C2+63090]\\n\\t(No symbol) [0x00007FF7B3FA2D12]\\n\\t(No symbol) [0x00007FF7B3E3EC65...l) [0x00007FF7B3F99C24]\\n\\tBaseThreadInitThunk [0x00007FFF8E467344+20]\\n\\tRtlUserThreadStart [0x00007FFF8FC826B1+33]\\n'\n        stacktrace = ['\\tGetHandleVerifier [0x00007FF7B40370C2+63090]', '\\t(No symbol) [0x00007FF7B3FA2D12]', '\\t(No symbol) [0x00007FF7B3E... '\\t(No symbol) [0x00007FF7B3E8BB34]', '\\t(No symbol) [0x00007FF7B3E89954]', '\\t(No symbol) [0x00007FF7B3E87164]', ...]\n        status     = 'element click intercepted'\n        value      = {'error': 'element click intercepted', 'message': 'element click intercepted: Element is not clickable at point (1014,...) [0x00007FF7B3F99C24]\\n\\tBaseThreadInitThunk [0x00007FFF8E467344+20]\\n\\tRtlUserThreadStart [0x00007FFF8FC826B1+33]\\n'}\n        value_json = '{\"value\":{\"error\":\"element click intercepted\",\"message\":\"element click intercepted: Element is not clickable at point...007FF7B3F99C24]\\\\n\\\\tBaseThreadInitThunk [0x00007FFF8E467344+20]\\\\n\\\\tRtlUserThreadStart [0x00007FFF8FC826B1+33]\\\\n\"}}'"}, "description": "\n    Test case TC-4\n    ", "start": 1712147217113, "stop": 1712147237774, "uuid": "6993288d-3f86-40f9-a7ae-1babe9932ed0", "historyId": "7b8323124234f69a8fde1e3de50f452e", "testCaseId": "7b8323124234f69a8fde1e3de50f452e", "fullName": "tests.test_shop#test_right_way", "labels": [{"name": "parentSuite", "value": "tests"}, {"name": "suite", "value": "test_shop"}, {"name": "host", "value": "DESKTOP-G8LFQCU"}, {"name": "thread", "value": "12648-MainThread"}, {"name": "framework", "value": "pytest"}, {"name": "language", "value": "cpython3"}, {"name": "package", "value": "tests.test_shop"}]}