{"name": "test_products_group", "status": "skipped", "statusDetails": {"message": "XFAIL Wait for fix bug\n\nselenium.common.exceptions.ElementClickInterceptedException: Message: element click intercepted: Element <a href=\"https://testqastudio.me?products_group=sale\" class=\"tab-sale \">...</a> is not clickable at point (580, 528). Other element would receive the click: <div class=\"catalog-toolbar-tabs__content\">...</div>\n  (Session info: chrome=123.0.6312.88)\nStacktrace:\n\tGetHandleVerifier [0x00007FF7B40370C2+63090]\n\t(No symbol) [0x00007FF7B3FA2D12]\n\t(No symbol) [0x00007FF7B3E3EC65]\n\t(No symbol) [0x00007FF7B3E8BB34]\n\t(No symbol) [0x00007FF7B3E89954]\n\t(No symbol) [0x00007FF7B3E87164]\n\t(No symbol) [0x00007FF7B3E85EF9]\n\t(No symbol) [0x00007FF7B3E7A708]\n\t(No symbol) [0x00007FF7B3EA6FDA]\n\t(No symbol) [0x00007FF7B3E7A00A]\n\t(No symbol) [0x00007FF7B3EA71F0]\n\t(No symbol) [0x00007FF7B3EC3412]\n\t(No symbol) [0x00007FF7B3EA6D83]\n\t(No symbol) [0x00007FF7B3E783A8]\n\t(No symbol) [0x00007FF7B3E79441]\n\tGetHandleVerifier [0x00007FF7B443262D+4238301]\n\tGetHandleVerifier [0x00007FF7B446F78D+4488509]\n\tGetHandleVerifier [0x00007FF7B4467A6F+4456479]\n\tGetHandleVerifier [0x00007FF7B4110606+953270]\n\t(No symbol) [0x00007FF7B3FAE5DF]\n\t(No symbol) [0x00007FF7B3FA92B4]\n\t(No symbol) [0x00007FF7B3FA93EB]\n\t(No symbol) [0x00007FF7B3F99C24]\n\tBaseThreadInitThunk [0x00007FFF8E467344+20]\n\tRtlUserThreadStart [0x00007FFF8FC826B1+33]", "trace": "tests\\test_shop.py:48: in test_products_group\n    element.click()\n        browser    = <selenium.webdriver.chrome.webdriver.WebDriver (session=\"c283bdb6802a0a2b7342322f8b1e86f3\")>\n        element    = <selenium.webdriver.remote.webelement.WebElement (session=\"c283bdb6802a0a2b7342322f8b1e86f3\", element=\"f.69DD0CED2C72DAA090DF8DB82202BD34.d.4B8340C40C9A0E3E0497F8702A314939.e.93\")>\n        elements   = [<selenium.webdriver.remote.webelement.WebElement (session=\"c283bdb6802a0a2b7342322f8b1e86f3\", element=\"f.69DD0CED2C72...3bdb6802a0a2b7342322f8b1e86f3\", element=\"f.69DD0CED2C72DAA090DF8DB82202BD34.d.5B8D91C7223D680F53F5CE3910BCE286.e.57\")>]\n        expected_menu = [('Все', '', \"[class='tab-all active']\"), ('Бестселлеры', '/?products_group=best_sellers', \"[class='tab-best_sellers '... '/?products_group=new', \"[class='tab-new ']\"), ('Распродажа товаров', '/?products_group=sale', \"[class='tab-sale ']\")]\n        item       = ('Распродажа товаров', '/?products_group=sale', \"[class='tab-sale ']\")\n        menu_element = \"[class='catalog-toolbar-tabs__content'] a\"\n..\\..\\AppData\\Local\\Programs\\Python\\Python312\\Lib\\site-packages\\selenium\\webdriver\\remote\\webelement.py:94: in click\n    self._execute(Command.CLICK_ELEMENT)\n        self       = <selenium.webdriver.remote.webelement.WebElement (session=\"c283bdb6802a0a2b7342322f8b1e86f3\", element=\"f.69DD0CED2C72DAA090DF8DB82202BD34.d.4B8340C40C9A0E3E0497F8702A314939.e.93\")>\n..\\..\\AppData\\Local\\Programs\\Python\\Python312\\Lib\\site-packages\\selenium\\webdriver\\remote\\webelement.py:395: in _execute\n    return self._parent.execute(command, params)\n        command    = 'clickElement'\n        params     = {'id': 'f.69DD0CED2C72DAA090DF8DB82202BD34.d.4B8340C40C9A0E3E0497F8702A314939.e.93'}\n        self       = <selenium.webdriver.remote.webelement.WebElement (session=\"c283bdb6802a0a2b7342322f8b1e86f3\", element=\"f.69DD0CED2C72DAA090DF8DB82202BD34.d.4B8340C40C9A0E3E0497F8702A314939.e.93\")>\n..\\..\\AppData\\Local\\Programs\\Python\\Python312\\Lib\\site-packages\\selenium\\webdriver\\remote\\webdriver.py:347: in execute\n    self.error_handler.check_response(response)\n        driver_command = 'clickElement'\n        params     = {}\n        response   = {'status': 400, 'value': '{\"value\":{\"error\":\"element click intercepted\",\"message\":\"element click intercepted: Element ...07FF7B3F99C24]\\\\n\\\\tBaseThreadInitThunk [0x00007FFF8E467344+20]\\\\n\\\\tRtlUserThreadStart [0x00007FFF8FC826B1+33]\\\\n\"}}'}\n        self       = <selenium.webdriver.chrome.webdriver.WebDriver (session=\"c283bdb6802a0a2b7342322f8b1e86f3\")>\n..\\..\\AppData\\Local\\Programs\\Python\\Python312\\Lib\\site-packages\\selenium\\webdriver\\remote\\errorhandler.py:229: in check_response\n    raise exception_class(message, screen, stacktrace)\nE   selenium.common.exceptions.ElementClickInterceptedException: Message: element click intercepted: Element <a href=\"https://testqastudio.me?products_group=sale\" class=\"tab-sale \">...</a> is not clickable at point (580, 528). Other element would receive the click: <div class=\"catalog-toolbar-tabs__content\">...</div>\nE     (Session info: chrome=123.0.6312.88)\nE   Stacktrace:\nE   \tGetHandleVerifier [0x00007FF7B40370C2+63090]\nE   \t(No symbol) [0x00007FF7B3FA2D12]\nE   \t(No symbol) [0x00007FF7B3E3EC65]\nE   \t(No symbol) [0x00007FF7B3E8BB34]\nE   \t(No symbol) [0x00007FF7B3E89954]\nE   \t(No symbol) [0x00007FF7B3E87164]\nE   \t(No symbol) [0x00007FF7B3E85EF9]\nE   \t(No symbol) [0x00007FF7B3E7A708]\nE   \t(No symbol) [0x00007FF7B3EA6FDA]\nE   \t(No symbol) [0x00007FF7B3E7A00A]\nE   \t(No symbol) [0x00007FF7B3EA71F0]\nE   \t(No symbol) [0x00007FF7B3EC3412]\nE   \t(No symbol) [0x00007FF7B3EA6D83]\nE   \t(No symbol) [0x00007FF7B3E783A8]\nE   \t(No symbol) [0x00007FF7B3E79441]\nE   \tGetHandleVerifier [0x00007FF7B443262D+4238301]\nE   \tGetHandleVerifier [0x00007FF7B446F78D+4488509]\nE   \tGetHandleVerifier [0x00007FF7B4467A6F+4456479]\nE   \tGetHandleVerifier [0x00007FF7B4110606+953270]\nE   \t(No symbol) [0x00007FF7B3FAE5DF]\nE   \t(No symbol) [0x00007FF7B3FA92B4]\nE   \t(No symbol) [0x00007FF7B3FA93EB]\nE   \t(No symbol) [0x00007FF7B3F99C24]\nE   \tBaseThreadInitThunk [0x00007FFF8E467344+20]\nE   \tRtlUserThreadStart [0x00007FFF8FC826B1+33]\n        e          = <selenium.webdriver.remote.errorhandler.ErrorCode object at 0x000001AADBAB6480>\n        error_code = 'ELEMENT_CLICK_INTERCEPTED'\n        error_codes = ['ELEMENT_CLICK_INTERCEPTED', 'ELEMENT_IS_NOT_SELECTABLE', 'ELEMENT_NOT_INTERACTABLE', 'ELEMENT_NOT_VISIBLE', 'IME_ENGINE_ACTIVATION_FAILED', 'IME_NOT_AVAILABLE', ...]\n        error_info = [64, 'element click intercepted']\n        exception_class = <class 'selenium.common.exceptions.ElementClickInterceptedException'>\n        json       = <module 'json' from 'C:\\\\Users\\\\Я\\\\AppData\\\\Local\\\\Programs\\\\Python\\\\Python312\\\\Lib\\\\json\\\\__init__.py'>\n        message    = 'element click intercepted: Element <a href=\"https://testqastudio.me?products_group=sale\" class=\"tab-sale \">...</a> is... would receive the click: <div class=\"catalog-toolbar-tabs__content\">...</div>\\n  (Session info: chrome=123.0.6312.88)'\n        response   = {'status': 400, 'value': '{\"value\":{\"error\":\"element click intercepted\",\"message\":\"element click intercepted: Element ...07FF7B3F99C24]\\\\n\\\\tBaseThreadInitThunk [0x00007FFF8E467344+20]\\\\n\\\\tRtlUserThreadStart [0x00007FFF8FC826B1+33]\\\\n\"}}'}\n        screen     = None\n        self       = <selenium.webdriver.remote.errorhandler.ErrorHandler object at 0x000001AADD3EC560>\n        st_value   = '\\tGetHandleVerifier [0x00007FF7B40370C2+63090]\\n\\t(No symbol) [0x00007FF7B3FA2D12]\\n\\t(No symbol) [0x00007FF7B3E3EC65...l) [0x00007FF7B3F99C24]\\n\\tBaseThreadInitThunk [0x00007FFF8E467344+20]\\n\\tRtlUserThreadStart [0x00007FFF8FC826B1+33]\\n'\n        stacktrace = ['\\tGetHandleVerifier [0x00007FF7B40370C2+63090]', '\\t(No symbol) [0x00007FF7B3FA2D12]', '\\t(No symbol) [0x00007FF7B3E... '\\t(No symbol) [0x00007FF7B3E8BB34]', '\\t(No symbol) [0x00007FF7B3E89954]', '\\t(No symbol) [0x00007FF7B3E87164]', ...]\n        status     = 'element click intercepted'\n        value      = {'error': 'element click intercepted', 'message': 'element click intercepted: Element <a href=\"https://testqastudio.me...) [0x00007FF7B3F99C24]\\n\\tBaseThreadInitThunk [0x00007FFF8E467344+20]\\n\\tRtlUserThreadStart [0x00007FFF8FC826B1+33]\\n'}\n        value_json = '{\"value\":{\"error\":\"element click intercepted\",\"message\":\"element click intercepted: Element \\\\u003Ca href=\\\\\"https://...007FF7B3F99C24]\\\\n\\\\tBaseThreadInitThunk [0x00007FFF8E467344+20]\\\\n\\\\tRtlUserThreadStart [0x00007FFF8FC826B1+33]\\\\n\"}}'"}, "description": "\n    Test case TC-2\n    ", "start": 1712147204553, "stop": 1712147213177, "uuid": "2494e51f-8a16-4d8d-822a-b2d5d41a4641", "historyId": "4fdd6adba16e950b161eae73ef4ccb14", "testCaseId": "4fdd6adba16e950b161eae73ef4ccb14", "fullName": "tests.test_shop#test_products_group", "labels": [{"name": "tag", "value": "@pytest.mark.xfail(reason='Wait for fix bug')"}, {"name": "parentSuite", "value": "tests"}, {"name": "suite", "value": "test_shop"}, {"name": "host", "value": "DESKTOP-G8LFQCU"}, {"name": "thread", "value": "12648-MainThread"}, {"name": "framework", "value": "pytest"}, {"name": "language", "value": "cpython3"}, {"name": "package", "value": "tests.test_shop"}]}